<?xml version="1.0" encoding="UTF-8"?>
<!-- Generated by org.testng.reporters.JUnitReportReporter -->

<testsuite hostname="Kelmond-Labs" failures="0" tests="6" name="lumpofyums.NewTest" time="9.203" errors="0" timestamp="2022-02-21T21:18:56 SGT" skipped="0">
  <testcase classname="lumpofyums.NewTest" name="checkHardSort" time="1.498"/>
  <testcase classname="lumpofyums.NewTest" name="checkNormalSort" time="1.518"/>
  <testcase classname="lumpofyums.NewTest" name="checkLogin" time="1.373"/>
  <testcase classname="lumpofyums.NewTest" name="checkEasySort" time="1.419"/>
  <testcase classname="lumpofyums.NewTest" name="checkRegister" time="1.857"/>
  <testcase classname="lumpofyums.NewTest" name="checkSearch" time="1.538"/>

</testsuite> <!-- lumpofyums.NewTest -->
