<?xml version="1.0" encoding="UTF-8"?>
<!-- Generated by org.testng.reporters.JUnitReportReporter -->
<testsuite hostname="Kelmond-Labs" failures="0" tests="1" name="lumpofyums.EditRecipeTest" time="2.234" errors="0" timestamp="2022-02-23T18:45:11 SGT" skipped="0">
  <testcase classname="lumpofyums.EditRecipeTest" name="checkInput" time="2.234"/>
</testsuite> <!-- lumpofyums.EditRecipeTest -->
