<?xml version="1.0" encoding="UTF-8"?>
<!-- Generated by org.testng.reporters.JUnitReportReporter -->
<testsuite hostname="Kelmond-Labs" failures="0" tests="3" name="lumpofyums.NewTest" time="6.063" errors="0" timestamp="2022-02-20T15:17:04 SGT" skipped="0">
  <testcase classname="lumpofyums.NewTest" name="checkLogin" time="2.277"/>
  <testcase classname="lumpofyums.NewTest" name="checkSearch" time="1.948"/>
  <testcase classname="lumpofyums.NewTest" name="checkRegister" time="1.838"/>
</testsuite> <!-- lumpofyums.NewTest -->
