<?xml version="1.0" encoding="UTF-8"?>
<!-- Generated by org.testng.reporters.JUnitReportReporter -->
<testsuite hostname="Kelmond-Labs" failures="0" tests="8" name="lumpofyums.NewTest" time="14.600" errors="0" timestamp="2022-02-25T19:08:02 SGT" skipped="0">
  <testcase classname="lumpofyums.NewTest" name="checkNormalSort" time="1.726"/>
  <testcase classname="lumpofyums.NewTest" name="checkRegister" time="1.769"/>
  <testcase classname="lumpofyums.NewTest" name="checkSearch" time="1.509"/>
  <testcase classname="lumpofyums.NewTest" name="checkHardSort" time="1.412"/>
  <testcase classname="lumpofyums.NewTest" name="checkLogin" time="1.619"/>
  <testcase classname="lumpofyums.NewTest" name="checkEasySort" time="2.182"/>
  <testcase classname="lumpofyums.NewTest" name="checkUpdateInput" time="1.884"/>
  <testcase classname="lumpofyums.NewTest" name="checkCreateInput" time="2.499"/>
</testsuite> <!-- lumpofyums.NewTest -->
