<?xml version="1.0" encoding="UTF-8"?>
<!-- Generated by org.testng.reporters.JUnitReportReporter -->
<testsuite hostname="Eithan" failures="0" tests="1" name="lumpofyums.NewTest" time="1.073" errors="0" timestamp="2022-02-20T17:48:21 SGT" skipped="0">
  <testcase classname="lumpofyums.NewTest" name="checkLogin" time="1.073"/>
</testsuite> <!-- lumpofyums.NewTest -->
