<?xml version="1.0" encoding="UTF-8"?>
<!-- Generated by org.testng.reporters.JUnitReportReporter -->
<testsuite hostname="Eithan" failures="0" tests="1" name="lumpofyums.RecipeTest" time="1.525" errors="0" timestamp="2022-02-20T19:41:57 SGT" skipped="0">
  <testcase classname="lumpofyums.RecipeTest" name="checkInput" time="1.525"/>
</testsuite> <!-- lumpofyums.RecipeTest -->
