<?xml version="1.0" encoding="UTF-8"?>
<!-- Generated by org.testng.reporters.JUnitReportReporter -->
<testsuite hostname="Kelmond-Labs" failures="0" tests="1" name="lumpofyums.NewTest" time="2.061" errors="0" timestamp="2022-02-23T19:34:59 SGT" skipped="0">
  <testcase classname="lumpofyums.NewTest" name="checkCreateInput" time="2.061"/>
</testsuite> <!-- lumpofyums.NewTest -->
