<?xml version="1.0" encoding="UTF-8"?>
<!-- Generated by org.testng.reporters.JUnitReportReporter -->
<testsuite hostname="Kelmond-Labs" failures="0" tests="1" name="lumpofyums.NewTest" time="1.488" errors="0" timestamp="2022-02-14T13:54:52 SGT" skipped="0">
  <testcase classname="lumpofyums.NewTest" name="checkLogin" time="1.488"/>
</testsuite> <!-- lumpofyums.NewTest -->
